Tue Jan 28 00:07:08 MSK 2014: antony logged in
Tue Jan 28 00:08:22 MSK 2014: antony logged in
Tue Jan 28 00:09:17 MSK 2014: antony logged in
Tue Jan 28 00:09:21 MSK 2014: antony logged in
Tue Jan 28 00:09:41 MSK 2014: antony logged in
Tue Jan 28 00:10:01 MSK 2014: antony logged in
Tue Jan 28 00:11:42 MSK 2014: antony logged in
Tue Jan 28 00:21:05 MSK 2014: antony logged in
Tue Jan 28 00:21:08 MSK 2014: antony logged in
Tue Jan 28 00:21:50 MSK 2014: antony logged in
Tue Jan 28 00:22:25 MSK 2014: antony logged in
Tue Jan 28 00:22:33 MSK 2014: antony logged in
Tue Jan 28 00:23:27 MSK 2014: antony logged in
Tue Jan 28 00:23:52 MSK 2014: antony logged in
Tue Jan 28 00:25:54 MSK 2014: antony logged in
Tue Jan 28 00:32:24 MSK 2014: antony logged in
Tue Jan 28 00:32:43 MSK 2014: antony logged in
Tue Jan 28 00:38:16 MSK 2014: antony logged in
Tue Jan 28 15:46:08 MSK 2014: antony logged in
Tue Jan 28 16:09:09 MSK 2014: antony logged in
Sat Feb  1 13:56:16 MSK 2014: antony logged in
Sat Feb  1 13:56:41 MSK 2014: antony logged in
Sat Feb  1 14:03:32 MSK 2014: antony logged in
Sat Feb  1 14:04:27 MSK 2014: antony logged in
Sat Feb  1 14:11:52 MSK 2014: antony logged in
Sat Feb  1 14:12:13 MSK 2014: antony logged in
Sat Feb  1 14:13:56 MSK 2014: antony logged in
Sat Feb  1 14:14:47 MSK 2014: antony logged in
Sat Feb  1 14:15:27 MSK 2014: antony logged in
Sat Feb  1 14:16:08 MSK 2014: antony logged in
Sat Feb  1 14:17:12 MSK 2014: antony logged in
Sat Feb  1 14:23:27 MSK 2014: antony logged in
Sat Feb  1 14:24:55 MSK 2014: antony logged in
Sat Feb  1 14:56:22 MSK 2014: antony logged in
Sat Feb  1 15:14:36 MSK 2014: antony logged in
Sat Feb  1 15:29:12 MSK 2014: antony logged in
Sat Feb  1 16:16:16 MSK 2014: antony logged in
Sat Feb  1 12:34:40 MSK 2014: antony logged in
Sat Feb  1 12:46:12 MSK 2014: antony logged in
Sat Feb  1 12:47:38 MSK 2014: antony logged in
Sat Feb  1 19:56:42 MSK 2014: antony logged in
Sat Feb  1 20:10:23 MSK 2014: antony logged in
Sat Feb  1 20:30:25 MSK 2014: antony logged in
Sat Feb  1 20:36:25 MSK 2014: antony logged in
Sat Feb  1 21:19:16 MSK 2014: antony logged in
Sat Feb  1 21:27:37 MSK 2014: antony logged in
Sat Feb  1 21:50:45 MSK 2014: antony logged in
Sat Feb  1 22:28:30 MSK 2014: antony logged in
Sun Feb  2 00:30:32 MSK 2014: antony logged in
Sun Feb  2 00:30:56 MSK 2014: antony logged in
Sun Feb  2 00:31:15 MSK 2014: antony logged in
Sun Feb  2 00:42:52 MSK 2014: antony logged in
Sun Feb  2 11:34:24 MSK 2014: antony logged in
Sun Feb  2 20:53:58 MSK 2014: olerem logged in
Sun Feb  2 22:17:22 MSK 2014: olerem logged in
Sun Feb  2 22:24:28 MSK 2014: olerem logged in
Sun Feb  2 22:34:57 MSK 2014: olerem logged in
Sun Feb  2 22:45:13 MSK 2014: olerem logged in
Sun Feb  2 22:56:26 MSK 2014: olerem logged in
Sun Feb  2 23:03:54 MSK 2014: antony logged in
Sun Feb  2 23:05:37 MSK 2014: olerem logged in
Sun Feb  2 23:17:34 MSK 2014: olerem logged in
Mon Feb  3 00:29:13 MSK 2014: olerem logged in
Mon Feb  3 00:52:16 MSK 2014: antony logged in
Mon Feb  3 00:52:20 MSK 2014: antony exited
Mon Feb  3 01:12:38 MSK 2014: olerem logged in
Mon Feb  3 01:18:38 MSK 2014: olerem exited
Mon Feb  3 01:21:24 MSK 2014: antony logged in
Mon Feb  3 01:25:42 MSK 2014: antony exited
Mon Feb  3 01:29:59 MSK 2014: olerem logged in
Mon Feb  3 01:39:09 MSK 2014: olerem exited
Mon Feb  3 01:58:28 MSK 2014: olerem logged in
Mon Feb  3 01:59:14 MSK 2014: olerem exited
Mon Feb  3 14:56:28 MSK 2014: olerem logged in
Mon Feb  3 14:56:43 MSK 2014: olerem exited
Mon Feb  3 17:14:50 MSK 2014: rndfax logged in
Mon Feb  3 19:49:34 MSK 2014: olerem logged in
Mon Feb  3 19:51:44 MSK 2014: olerem exited
Mon Feb  3 19:51:49 MSK 2014: olerem logged in
Mon Feb  3 20:01:59 MSK 2014: olerem exited
Tue Feb  4 02:06:16 MSK 2014: olerem logged in
Tue Feb  4 02:11:17 MSK 2014: olerem exited
Tue Feb  4 02:13:19 MSK 2014: olerem logged in
Tue Feb  4 02:21:33 MSK 2014: olerem exited
Tue Feb  4 02:29:55 MSK 2014: antony logged in
Tue Feb  4 02:31:11 MSK 2014: olerem logged in
Tue Feb  4 02:31:48 MSK 2014: antony exited
Tue Feb  4 02:31:48 MSK 2014: olerem exited
Tue Feb  4 02:31:53 MSK 2014: olerem logged in
Tue Feb  4 02:42:03 MSK 2014: olerem exited
Tue Feb  4 20:39:53 MSK 2014: antony logged in
Wed Feb  5 17:59:51 MSK 2014: olerem logged in
Wed Feb  5 18:01:27 MSK 2014: olerem exited
Thu Feb  6 21:15:50 MSK 2014: antony logged in
Thu Feb  6 23:48:28 MSK 2014: olerem logged in
Thu Feb  6 23:56:38 MSK 2014: olerem exited
Sun Feb  9 18:24:42 MSK 2014: antony logged in
Sun Feb  9 18:27:04 MSK 2014: antony exited
Sun Feb  9 18:27:19 MSK 2014: antony logged in
Sun Feb  9 18:37:19 MSK 2014: antony exited
Mon Feb 10 12:36:07 MSK 2014: antony logged in
Mon Feb 10 12:41:02 MSK 2014: antony exited
